<?xml version="1.0"?>
<!DOCTYPE coverage SYSTEM "http://cobertura.sourceforge.net/xml/coverage-04.dtd">

<coverage line-rate="0.0" branch-rate="0.0" lines-covered="0" lines-valid="1158" branches-covered="0" branches-valid="172" complexity="1.4735449735449735" version="2.1.1" timestamp="1482447441195">
	<sources>
		<source>--source</source>
		<source>/Volumes/Documents/Repos/fahview/FAHView-v6project/src/main/java</source>
	</sources>
	<packages>
		<package name="info.mikethomas.fahview.v6project" line-rate="0.0" branch-rate="0.0" complexity="1.4130434782608696">
			<classes>
				<class name="info.mikethomas.fahview.v6project.Bundle" filename="info/mikethomas/fahview/v6project/Bundle.java" line-rate="0.0" branch-rate="1.0" complexity="0.0">
					<methods>
						<method name="&lt;init&gt;" signature="()V" line-rate="0.0" branch-rate="1.0" complexity="0">
							<lines>
								<line number="4" hits="0" branch="false"/>
							</lines>
						</method>
						<method name="Bundle" signature="()V" line-rate="0.0" branch-rate="1.0" complexity="0">
							<lines>
								<line number="12" hits="0" branch="false"/>
							</lines>
						</method>
						<method name="Work_Project_Information_Name" signature="()Ljava/lang/String;" line-rate="0.0" branch-rate="1.0" complexity="0">
							<lines>
								<line number="10" hits="0" branch="false"/>
							</lines>
						</method>
					</methods>
					<lines>
						<line number="4" hits="0" branch="false"/>
						<line number="10" hits="0" branch="false"/>
						<line number="12" hits="0" branch="false"/>
					</lines>
				</class>
				<class name="info.mikethomas.fahview.v6project.ClientProject" filename="info/mikethomas/fahview/v6project/ClientProject.java" line-rate="0.0" branch-rate="0.0" complexity="1.1764705882352942">
					<methods>
						<method name="&lt;init&gt;" signature="(Lorg/openide/filesystems/FileObject;Lorg/netbeans/spi/project/ProjectState;)V" line-rate="0.0" branch-rate="1.0" complexity="0">
							<lines>
								<line number="79" hits="0" branch="false"/>
								<line number="80" hits="0" branch="false"/>
								<line number="81" hits="0" branch="false"/>
								<line number="82" hits="0" branch="false"/>
							</lines>
						</method>
						<method name="getLookup" signature="()Lorg/openide/util/Lookup;" line-rate="0.0" branch-rate="0.0" complexity="0">
							<lines>
								<line number="93" hits="0" branch="true" condition-coverage="0% (0/2)">
									<conditions>
										<condition number="0" type="jump" coverage="0%"/>
									</conditions>
								</line>
								<line number="94" hits="0" branch="false"/>
								<line number="102" hits="0" branch="false"/>
							</lines>
						</method>
						<method name="getProjectDirectory" signature="()Lorg/openide/filesystems/FileObject;" line-rate="0.0" branch-rate="1.0" complexity="0">
							<lines>
								<line number="87" hits="0" branch="false"/>
							</lines>
						</method>
					</methods>
					<lines>
						<line number="79" hits="0" branch="false"/>
						<line number="80" hits="0" branch="false"/>
						<line number="81" hits="0" branch="false"/>
						<line number="82" hits="0" branch="false"/>
						<line number="87" hits="0" branch="false"/>
						<line number="93" hits="0" branch="true" condition-coverage="0% (0/2)">
							<conditions>
								<condition number="0" type="jump" coverage="0%"/>
							</conditions>
						</line>
						<line number="94" hits="0" branch="false"/>
						<line number="102" hits="0" branch="false"/>
					</lines>
				</class>
				<class name="info.mikethomas.fahview.v6project.ClientProject$1" filename="info/mikethomas/fahview/v6project/ClientProject.java" line-rate="1.0" branch-rate="1.0" complexity="1.1764705882352942">
					<methods>
					</methods>
					<lines>
					</lines>
				</class>
				<class name="info.mikethomas.fahview.v6project.ClientProject$ClientProjectInformation" filename="info/mikethomas/fahview/v6project/ClientProject.java" line-rate="0.0" branch-rate="1.0" complexity="1.1764705882352942">
					<methods>
						<method name="&lt;init&gt;" signature="(Linfo/mikethomas/fahview/v6project/ClientProject;)V" line-rate="1.0" branch-rate="1.0" complexity="0">
							<lines>
							</lines>
						</method>
						<method name="&lt;init&gt;" signature="(Linfo/mikethomas/fahview/v6project/ClientProject;Linfo/mikethomas/fahview/v6project/ClientProject$1;)V" line-rate="0.0" branch-rate="1.0" complexity="0">
							<lines>
								<line number="108" hits="0" branch="false"/>
							</lines>
						</method>
						<method name="addPropertyChangeListener" signature="(Ljava/beans/PropertyChangeListener;)V" line-rate="0.0" branch-rate="1.0" complexity="0">
							<lines>
								<line number="132" hits="0" branch="false"/>
							</lines>
						</method>
						<method name="getDisplayName" signature="()Ljava/lang/String;" line-rate="0.0" branch-rate="1.0" complexity="0">
							<lines>
								<line number="117" hits="0" branch="false"/>
							</lines>
						</method>
						<method name="getIcon" signature="()Ljavax/swing/Icon;" line-rate="0.0" branch-rate="1.0" complexity="0">
							<lines>
								<line number="122" hits="0" branch="false"/>
							</lines>
						</method>
						<method name="getName" signature="()Ljava/lang/String;" line-rate="0.0" branch-rate="1.0" complexity="0">
							<lines>
								<line number="112" hits="0" branch="false"/>
							</lines>
						</method>
						<method name="getProject" signature="()Lorg/netbeans/api/project/Project;" line-rate="0.0" branch-rate="1.0" complexity="0">
							<lines>
								<line number="127" hits="0" branch="false"/>
							</lines>
						</method>
						<method name="removePropertyChangeListener" signature="(Ljava/beans/PropertyChangeListener;)V" line-rate="0.0" branch-rate="1.0" complexity="0">
							<lines>
								<line number="136" hits="0" branch="false"/>
							</lines>
						</method>
					</methods>
					<lines>
						<line number="108" hits="0" branch="false"/>
						<line number="112" hits="0" branch="false"/>
						<line number="117" hits="0" branch="false"/>
						<line number="122" hits="0" branch="false"/>
						<line number="127" hits="0" branch="false"/>
						<line number="132" hits="0" branch="false"/>
						<line number="136" hits="0" branch="false"/>
					</lines>
				</class>
				<class name="info.mikethomas.fahview.v6project.ClientProject$ClientProjectLogicalView" filename="info/mikethomas/fahview/v6project/ClientProject.java" line-rate="0.0" branch-rate="1.0" complexity="1.1764705882352942">
					<methods>
						<method name="&lt;init&gt;" signature="(Linfo/mikethomas/fahview/v6project/ClientProject;)V" line-rate="0.0" branch-rate="1.0" complexity="0">
							<lines>
								<line number="152" hits="0" branch="false"/>
								<line number="153" hits="0" branch="false"/>
								<line number="154" hits="0" branch="false"/>
							</lines>
						</method>
						<method name="createLogicalView" signature="()Lorg/openide/nodes/Node;" line-rate="0.0" branch-rate="1.0" complexity="0">
							<lines>
								<line number="161" hits="0" branch="false"/>
								<line number="162" hits="0" branch="false"/>
								<line number="163" hits="0" branch="false"/>
								<line number="166" hits="0" branch="false"/>
								<line number="168" hits="0" branch="false"/>
								<line number="169" hits="0" branch="false"/>
								<line number="172" hits="0" branch="false"/>
							</lines>
						</method>
						<method name="findPath" signature="(Lorg/openide/nodes/Node;Ljava/lang/Object;)Lorg/openide/nodes/Node;" line-rate="0.0" branch-rate="1.0" complexity="0">
							<lines>
								<line number="179" hits="0" branch="false"/>
							</lines>
						</method>
					</methods>
					<lines>
						<line number="152" hits="0" branch="false"/>
						<line number="153" hits="0" branch="false"/>
						<line number="154" hits="0" branch="false"/>
						<line number="161" hits="0" branch="false"/>
						<line number="162" hits="0" branch="false"/>
						<line number="163" hits="0" branch="false"/>
						<line number="166" hits="0" branch="false"/>
						<line number="168" hits="0" branch="false"/>
						<line number="169" hits="0" branch="false"/>
						<line number="172" hits="0" branch="false"/>
						<line number="179" hits="0" branch="false"/>
					</lines>
				</class>
				<class name="info.mikethomas.fahview.v6project.ClientProject$ClientProjectLogicalView$ProjectNode" filename="info/mikethomas/fahview/v6project/ClientProject.java" line-rate="0.0" branch-rate="1.0" complexity="1.1764705882352942">
					<methods>
						<method name="&lt;init&gt;" signature="(Lorg/openide/nodes/Node;Linfo/mikethomas/fahview/v6project/ClientProject;)V" line-rate="0.0" branch-rate="1.0" complexity="0">
							<lines>
								<line number="200" hits="0" branch="false"/>
								<line number="201" hits="0" branch="false"/>
								<line number="206" hits="0" branch="false"/>
								<line number="207" hits="0" branch="false"/>
								<line number="210" hits="0" branch="false"/>
								<line number="211" hits="0" branch="false"/>
							</lines>
						</method>
						<method name="getActions" signature="(Z)[Ljavax/swing/Action;" line-rate="0.0" branch-rate="1.0" complexity="0">
							<lines>
								<line number="215" hits="0" branch="false"/>
								<line number="216" hits="0" branch="false"/>
								<line number="217" hits="0" branch="false"/>
								<line number="218" hits="0" branch="false"/>
							</lines>
						</method>
						<method name="getDisplayName" signature="()Ljava/lang/String;" line-rate="0.0" branch-rate="1.0" complexity="0">
							<lines>
								<line number="234" hits="0" branch="false"/>
							</lines>
						</method>
						<method name="getIcon" signature="(I)Ljava/awt/Image;" line-rate="0.0" branch-rate="1.0" complexity="0">
							<lines>
								<line number="224" hits="0" branch="false"/>
							</lines>
						</method>
						<method name="getOpenedIcon" signature="(I)Ljava/awt/Image;" line-rate="0.0" branch-rate="1.0" complexity="0">
							<lines>
								<line number="229" hits="0" branch="false"/>
							</lines>
						</method>
					</methods>
					<lines>
						<line number="200" hits="0" branch="false"/>
						<line number="201" hits="0" branch="false"/>
						<line number="206" hits="0" branch="false"/>
						<line number="207" hits="0" branch="false"/>
						<line number="210" hits="0" branch="false"/>
						<line number="211" hits="0" branch="false"/>
						<line number="215" hits="0" branch="false"/>
						<line number="216" hits="0" branch="false"/>
						<line number="217" hits="0" branch="false"/>
						<line number="218" hits="0" branch="false"/>
						<line number="224" hits="0" branch="false"/>
						<line number="229" hits="0" branch="false"/>
						<line number="234" hits="0" branch="false"/>
					</lines>
				</class>
				<class name="info.mikethomas.fahview.v6project.ClientProjectFactory" filename="info/mikethomas/fahview/v6project/ClientProjectFactory.java" line-rate="0.0" branch-rate="0.0" complexity="2.0">
					<methods>
						<method name="&lt;init&gt;" signature="()V" line-rate="0.0" branch-rate="1.0" complexity="0">
							<lines>
								<line number="43" hits="0" branch="false"/>
							</lines>
						</method>
						<method name="isProject" signature="(Lorg/openide/filesystems/FileObject;)Z" line-rate="0.0" branch-rate="0.0" complexity="0">
							<lines>
								<line number="60" hits="0" branch="true" condition-coverage="0% (0/2)">
									<conditions>
										<condition number="0" type="jump" coverage="0%"/>
									</conditions>
								</line>
							</lines>
						</method>
						<method name="isProject2" signature="(Lorg/openide/filesystems/FileObject;)Lorg/netbeans/api/project/ProjectManager$Result;" line-rate="0.0" branch-rate="0.0" complexity="0">
							<lines>
								<line number="50" hits="0" branch="true" condition-coverage="0% (0/2)">
									<conditions>
										<condition number="0" type="jump" coverage="0%"/>
									</conditions>
								</line>
								<line number="51" hits="0" branch="false"/>
								<line number="52" hits="0" branch="false"/>
								<line number="54" hits="0" branch="false"/>
							</lines>
						</method>
						<method name="loadProject" signature="(Lorg/openide/filesystems/FileObject;Lorg/netbeans/spi/project/ProjectState;)Lorg/netbeans/api/project/Project;" line-rate="0.0" branch-rate="0.0" complexity="0">
							<lines>
								<line number="69" hits="0" branch="true" condition-coverage="0% (0/2)">
									<conditions>
										<condition number="0" type="jump" coverage="0%"/>
									</conditions>
								</line>
								<line number="70" hits="0" branch="false"/>
								<line number="72" hits="0" branch="false"/>
							</lines>
						</method>
						<method name="saveProject" signature="(Lorg/netbeans/api/project/Project;)V" line-rate="0.0" branch-rate="1.0" complexity="0">
							<lines>
								<line number="79" hits="0" branch="false"/>
							</lines>
						</method>
					</methods>
					<lines>
						<line number="43" hits="0" branch="false"/>
						<line number="50" hits="0" branch="true" condition-coverage="0% (0/2)">
							<conditions>
								<condition number="0" type="jump" coverage="0%"/>
							</conditions>
						</line>
						<line number="51" hits="0" branch="false"/>
						<line number="52" hits="0" branch="false"/>
						<line number="54" hits="0" branch="false"/>
						<line number="60" hits="0" branch="true" condition-coverage="0% (0/2)">
							<conditions>
								<condition number="0" type="jump" coverage="0%"/>
							</conditions>
						</line>
						<line number="69" hits="0" branch="true" condition-coverage="0% (0/2)">
							<conditions>
								<condition number="0" type="jump" coverage="0%"/>
							</conditions>
						</line>
						<line number="70" hits="0" branch="false"/>
						<line number="72" hits="0" branch="false"/>
						<line number="79" hits="0" branch="false"/>
					</lines>
				</class>
				<class name="info.mikethomas.fahview.v6project.ClientSubprojectProvider" filename="info/mikethomas/fahview/v6project/ClientSubprojectProvider.java" line-rate="0.0" branch-rate="0.0" complexity="2.25">
					<methods>
						<method name="&lt;init&gt;" signature="(Lorg/netbeans/api/project/Project;)V" line-rate="0.0" branch-rate="1.0" complexity="0">
							<lines>
								<line number="51" hits="0" branch="false"/>
								<line number="52" hits="0" branch="false"/>
								<line number="53" hits="0" branch="false"/>
							</lines>
						</method>
						<method name="addChangeListener" signature="(Ljavax/swing/event/ChangeListener;)V" line-rate="0.0" branch-rate="1.0" complexity="0">
							<lines>
								<line number="80" hits="0" branch="false"/>
							</lines>
						</method>
						<method name="getSubprojects" signature="()Ljava/util/Set;" line-rate="0.0" branch-rate="0.0" complexity="0">
							<lines>
								<line number="58" hits="0" branch="false"/>
								<line number="59" hits="0" branch="false"/>
								<line number="60" hits="0" branch="true" condition-coverage="0% (0/2)">
									<conditions>
										<condition number="0" type="jump" coverage="0%"/>
									</conditions>
								</line>
								<line number="61" hits="0" branch="true" condition-coverage="0% (0/2)">
									<conditions>
										<condition number="0" type="jump" coverage="0%"/>
									</conditions>
								</line>
								<line number="63" hits="0" branch="false"/>
								<line number="64" hits="0" branch="false"/>
								<line number="65" hits="0" branch="true" condition-coverage="0% (0/2)">
									<conditions>
										<condition number="0" type="jump" coverage="0%"/>
									</conditions>
								</line>
								<line number="66" hits="0" branch="false"/>
								<line number="68" hits="0" branch="false"/>
								<line number="69" hits="0" branch="false"/>
								<line number="70" hits="0" branch="false"/>
								<line number="72" hits="0" branch="false"/>
								<line number="75" hits="0" branch="false"/>
							</lines>
						</method>
						<method name="removeChangeListener" signature="(Ljavax/swing/event/ChangeListener;)V" line-rate="0.0" branch-rate="1.0" complexity="0">
							<lines>
								<line number="84" hits="0" branch="false"/>
							</lines>
						</method>
					</methods>
					<lines>
						<line number="51" hits="0" branch="false"/>
						<line number="52" hits="0" branch="false"/>
						<line number="53" hits="0" branch="false"/>
						<line number="58" hits="0" branch="false"/>
						<line number="59" hits="0" branch="false"/>
						<line number="60" hits="0" branch="true" condition-coverage="0% (0/2)">
							<conditions>
								<condition number="0" type="jump" coverage="0%"/>
							</conditions>
						</line>
						<line number="61" hits="0" branch="true" condition-coverage="0% (0/2)">
							<conditions>
								<condition number="0" type="jump" coverage="0%"/>
							</conditions>
						</line>
						<line number="63" hits="0" branch="false"/>
						<line number="64" hits="0" branch="false"/>
						<line number="65" hits="0" branch="true" condition-coverage="0% (0/2)">
							<conditions>
								<condition number="0" type="jump" coverage="0%"/>
							</conditions>
						</line>
						<line number="66" hits="0" branch="false"/>
						<line number="68" hits="0" branch="false"/>
						<line number="69" hits="0" branch="false"/>
						<line number="70" hits="0" branch="false"/>
						<line number="72" hits="0" branch="false"/>
						<line number="75" hits="0" branch="false"/>
						<line number="80" hits="0" branch="false"/>
						<line number="84" hits="0" branch="false"/>
					</lines>
				</class>
				<class name="info.mikethomas.fahview.v6project.WorkProject" filename="info/mikethomas/fahview/v6project/WorkProject.java" line-rate="0.0" branch-rate="0.0" complexity="1.1764705882352942">
					<methods>
						<method name="&lt;init&gt;" signature="(Lorg/openide/filesystems/FileObject;Lorg/netbeans/spi/project/ProjectState;)V" line-rate="0.0" branch-rate="1.0" complexity="0">
							<lines>
								<line number="79" hits="0" branch="false"/>
								<line number="80" hits="0" branch="false"/>
								<line number="81" hits="0" branch="false"/>
								<line number="82" hits="0" branch="false"/>
							</lines>
						</method>
						<method name="getLookup" signature="()Lorg/openide/util/Lookup;" line-rate="0.0" branch-rate="0.0" complexity="0">
							<lines>
								<line number="93" hits="0" branch="true" condition-coverage="0% (0/2)">
									<conditions>
										<condition number="0" type="jump" coverage="0%"/>
									</conditions>
								</line>
								<line number="94" hits="0" branch="false"/>
								<line number="100" hits="0" branch="false"/>
							</lines>
						</method>
						<method name="getProjectDirectory" signature="()Lorg/openide/filesystems/FileObject;" line-rate="0.0" branch-rate="1.0" complexity="0">
							<lines>
								<line number="87" hits="0" branch="false"/>
							</lines>
						</method>
					</methods>
					<lines>
						<line number="79" hits="0" branch="false"/>
						<line number="80" hits="0" branch="false"/>
						<line number="81" hits="0" branch="false"/>
						<line number="82" hits="0" branch="false"/>
						<line number="87" hits="0" branch="false"/>
						<line number="93" hits="0" branch="true" condition-coverage="0% (0/2)">
							<conditions>
								<condition number="0" type="jump" coverage="0%"/>
							</conditions>
						</line>
						<line number="94" hits="0" branch="false"/>
						<line number="100" hits="0" branch="false"/>
					</lines>
				</class>
				<class name="info.mikethomas.fahview.v6project.WorkProject$1" filename="info/mikethomas/fahview/v6project/WorkProject.java" line-rate="1.0" branch-rate="1.0" complexity="1.1764705882352942">
					<methods>
					</methods>
					<lines>
					</lines>
				</class>
				<class name="info.mikethomas.fahview.v6project.WorkProject$WorkProjectInformation" filename="info/mikethomas/fahview/v6project/WorkProject.java" line-rate="0.0" branch-rate="1.0" complexity="1.1764705882352942">
					<methods>
						<method name="&lt;init&gt;" signature="(Linfo/mikethomas/fahview/v6project/WorkProject;)V" line-rate="1.0" branch-rate="1.0" complexity="0">
							<lines>
							</lines>
						</method>
						<method name="&lt;init&gt;" signature="(Linfo/mikethomas/fahview/v6project/WorkProject;Linfo/mikethomas/fahview/v6project/WorkProject$1;)V" line-rate="0.0" branch-rate="1.0" complexity="0">
							<lines>
								<line number="106" hits="0" branch="false"/>
							</lines>
						</method>
						<method name="addPropertyChangeListener" signature="(Ljava/beans/PropertyChangeListener;)V" line-rate="0.0" branch-rate="1.0" complexity="0">
							<lines>
								<line number="131" hits="0" branch="false"/>
							</lines>
						</method>
						<method name="getDisplayName" signature="()Ljava/lang/String;" line-rate="0.0" branch-rate="1.0" complexity="0">
							<lines>
								<line number="116" hits="0" branch="false"/>
							</lines>
						</method>
						<method name="getIcon" signature="()Ljavax/swing/Icon;" line-rate="0.0" branch-rate="1.0" complexity="0">
							<lines>
								<line number="121" hits="0" branch="false"/>
							</lines>
						</method>
						<method name="getName" signature="()Ljava/lang/String;" line-rate="0.0" branch-rate="1.0" complexity="0">
							<lines>
								<line number="110" hits="0" branch="false"/>
							</lines>
						</method>
						<method name="getProject" signature="()Lorg/netbeans/api/project/Project;" line-rate="0.0" branch-rate="1.0" complexity="0">
							<lines>
								<line number="126" hits="0" branch="false"/>
							</lines>
						</method>
						<method name="removePropertyChangeListener" signature="(Ljava/beans/PropertyChangeListener;)V" line-rate="0.0" branch-rate="1.0" complexity="0">
							<lines>
								<line number="135" hits="0" branch="false"/>
							</lines>
						</method>
					</methods>
					<lines>
						<line number="106" hits="0" branch="false"/>
						<line number="110" hits="0" branch="false"/>
						<line number="116" hits="0" branch="false"/>
						<line number="121" hits="0" branch="false"/>
						<line number="126" hits="0" branch="false"/>
						<line number="131" hits="0" branch="false"/>
						<line number="135" hits="0" branch="false"/>
					</lines>
				</class>
				<class name="info.mikethomas.fahview.v6project.WorkProject$WorkProjectLogicalView" filename="info/mikethomas/fahview/v6project/WorkProject.java" line-rate="0.0" branch-rate="1.0" complexity="1.1764705882352942">
					<methods>
						<method name="&lt;init&gt;" signature="(Linfo/mikethomas/fahview/v6project/WorkProject;)V" line-rate="0.0" branch-rate="1.0" complexity="0">
							<lines>
								<line number="150" hits="0" branch="false"/>
								<line number="151" hits="0" branch="false"/>
								<line number="152" hits="0" branch="false"/>
							</lines>
						</method>
						<method name="createLogicalView" signature="()Lorg/openide/nodes/Node;" line-rate="0.0" branch-rate="1.0" complexity="0">
							<lines>
								<line number="158" hits="0" branch="false"/>
								<line number="159" hits="0" branch="false"/>
								<line number="160" hits="0" branch="false"/>
								<line number="163" hits="0" branch="false"/>
								<line number="165" hits="0" branch="false"/>
								<line number="166" hits="0" branch="false"/>
								<line number="169" hits="0" branch="false"/>
							</lines>
						</method>
						<method name="findPath" signature="(Lorg/openide/nodes/Node;Ljava/lang/Object;)Lorg/openide/nodes/Node;" line-rate="0.0" branch-rate="1.0" complexity="0">
							<lines>
								<line number="176" hits="0" branch="false"/>
							</lines>
						</method>
					</methods>
					<lines>
						<line number="150" hits="0" branch="false"/>
						<line number="151" hits="0" branch="false"/>
						<line number="152" hits="0" branch="false"/>
						<line number="158" hits="0" branch="false"/>
						<line number="159" hits="0" branch="false"/>
						<line number="160" hits="0" branch="false"/>
						<line number="163" hits="0" branch="false"/>
						<line number="165" hits="0" branch="false"/>
						<line number="166" hits="0" branch="false"/>
						<line number="169" hits="0" branch="false"/>
						<line number="176" hits="0" branch="false"/>
					</lines>
				</class>
				<class name="info.mikethomas.fahview.v6project.WorkProject$WorkProjectLogicalView$ProjectNode" filename="info/mikethomas/fahview/v6project/WorkProject.java" line-rate="0.0" branch-rate="1.0" complexity="1.1764705882352942">
					<methods>
						<method name="&lt;init&gt;" signature="(Lorg/openide/nodes/Node;Linfo/mikethomas/fahview/v6project/WorkProject;)V" line-rate="0.0" branch-rate="1.0" complexity="0">
							<lines>
								<line number="195" hits="0" branch="false"/>
								<line number="196" hits="0" branch="false"/>
								<line number="201" hits="0" branch="false"/>
								<line number="202" hits="0" branch="false"/>
								<line number="205" hits="0" branch="false"/>
								<line number="206" hits="0" branch="false"/>
							</lines>
						</method>
						<method name="getActions" signature="(Z)[Ljavax/swing/Action;" line-rate="0.0" branch-rate="1.0" complexity="0">
							<lines>
								<line number="210" hits="0" branch="false"/>
								<line number="211" hits="0" branch="false"/>
								<line number="212" hits="0" branch="false"/>
							</lines>
						</method>
						<method name="getDisplayName" signature="()Ljava/lang/String;" line-rate="0.0" branch-rate="1.0" complexity="0">
							<lines>
								<line number="228" hits="0" branch="false"/>
							</lines>
						</method>
						<method name="getIcon" signature="(I)Ljava/awt/Image;" line-rate="0.0" branch-rate="1.0" complexity="0">
							<lines>
								<line number="218" hits="0" branch="false"/>
							</lines>
						</method>
						<method name="getOpenedIcon" signature="(I)Ljava/awt/Image;" line-rate="0.0" branch-rate="1.0" complexity="0">
							<lines>
								<line number="223" hits="0" branch="false"/>
							</lines>
						</method>
					</methods>
					<lines>
						<line number="195" hits="0" branch="false"/>
						<line number="196" hits="0" branch="false"/>
						<line number="201" hits="0" branch="false"/>
						<line number="202" hits="0" branch="false"/>
						<line number="205" hits="0" branch="false"/>
						<line number="206" hits="0" branch="false"/>
						<line number="210" hits="0" branch="false"/>
						<line number="211" hits="0" branch="false"/>
						<line number="212" hits="0" branch="false"/>
						<line number="218" hits="0" branch="false"/>
						<line number="223" hits="0" branch="false"/>
						<line number="228" hits="0" branch="false"/>
					</lines>
				</class>
				<class name="info.mikethomas.fahview.v6project.WorkProjectFactory" filename="info/mikethomas/fahview/v6project/WorkProjectFactory.java" line-rate="0.0" branch-rate="0.0" complexity="2.0">
					<methods>
						<method name="&lt;init&gt;" signature="()V" line-rate="0.0" branch-rate="1.0" complexity="0">
							<lines>
								<line number="43" hits="0" branch="false"/>
							</lines>
						</method>
						<method name="isProject" signature="(Lorg/openide/filesystems/FileObject;)Z" line-rate="0.0" branch-rate="0.0" complexity="0">
							<lines>
								<line number="60" hits="0" branch="true" condition-coverage="0% (0/2)">
									<conditions>
										<condition number="0" type="jump" coverage="0%"/>
									</conditions>
								</line>
							</lines>
						</method>
						<method name="isProject2" signature="(Lorg/openide/filesystems/FileObject;)Lorg/netbeans/api/project/ProjectManager$Result;" line-rate="0.0" branch-rate="0.0" complexity="0">
							<lines>
								<line number="50" hits="0" branch="true" condition-coverage="0% (0/2)">
									<conditions>
										<condition number="0" type="jump" coverage="0%"/>
									</conditions>
								</line>
								<line number="51" hits="0" branch="false"/>
								<line number="52" hits="0" branch="false"/>
								<line number="54" hits="0" branch="false"/>
							</lines>
						</method>
						<method name="loadProject" signature="(Lorg/openide/filesystems/FileObject;Lorg/netbeans/spi/project/ProjectState;)Lorg/netbeans/api/project/Project;" line-rate="0.0" branch-rate="0.0" complexity="0">
							<lines>
								<line number="68" hits="0" branch="true" condition-coverage="0% (0/2)">
									<conditions>
										<condition number="0" type="jump" coverage="0%"/>
									</conditions>
								</line>
								<line number="69" hits="0" branch="false"/>
								<line number="71" hits="0" branch="false"/>
							</lines>
						</method>
						<method name="saveProject" signature="(Lorg/netbeans/api/project/Project;)V" line-rate="0.0" branch-rate="1.0" complexity="0">
							<lines>
								<line number="78" hits="0" branch="false"/>
							</lines>
						</method>
					</methods>
					<lines>
						<line number="43" hits="0" branch="false"/>
						<line number="50" hits="0" branch="true" condition-coverage="0% (0/2)">
							<conditions>
								<condition number="0" type="jump" coverage="0%"/>
							</conditions>
						</line>
						<line number="51" hits="0" branch="false"/>
						<line number="52" hits="0" branch="false"/>
						<line number="54" hits="0" branch="false"/>
						<line number="60" hits="0" branch="true" condition-coverage="0% (0/2)">
							<conditions>
								<condition number="0" type="jump" coverage="0%"/>
							</conditions>
						</line>
						<line number="68" hits="0" branch="true" condition-coverage="0% (0/2)">
							<conditions>
								<condition number="0" type="jump" coverage="0%"/>
							</conditions>
						</line>
						<line number="69" hits="0" branch="false"/>
						<line number="71" hits="0" branch="false"/>
						<line number="78" hits="0" branch="false"/>
					</lines>
				</class>
			</classes>
		</package>
		<package name="info.mikethomas.fahview.v6project.files.config" line-rate="0.0" branch-rate="0.0" complexity="1.0">
			<classes>
				<class name="info.mikethomas.fahview.v6project.files.config.Bundle" filename="info/mikethomas/fahview/v6project/files/config/Bundle.java" line-rate="0.0" branch-rate="1.0" complexity="0.0">
					<methods>
						<method name="&lt;init&gt;" signature="()V" line-rate="0.0" branch-rate="1.0" complexity="0">
							<lines>
								<line number="4" hits="0" branch="false"/>
							</lines>
						</method>
						<method name="Bundle" signature="()V" line-rate="0.0" branch-rate="1.0" complexity="0">
							<lines>
								<line number="26" hits="0" branch="false"/>
							</lines>
						</method>
						<method name="LBL_ConfigFile_EDITOR" signature="()Ljava/lang/String;" line-rate="0.0" branch-rate="1.0" complexity="0">
							<lines>
								<line number="10" hits="0" branch="false"/>
							</lines>
						</method>
						<method name="LBL_ConfigFile_LOADER" signature="()Ljava/lang/String;" line-rate="0.0" branch-rate="1.0" complexity="0">
							<lines>
								<line number="17" hits="0" branch="false"/>
							</lines>
						</method>
						<method name="LBL_ConfigFile_VISUAL" signature="()Ljava/lang/String;" line-rate="0.0" branch-rate="1.0" complexity="0">
							<lines>
								<line number="24" hits="0" branch="false"/>
							</lines>
						</method>
					</methods>
					<lines>
						<line number="4" hits="0" branch="false"/>
						<line number="10" hits="0" branch="false"/>
						<line number="17" hits="0" branch="false"/>
						<line number="24" hits="0" branch="false"/>
						<line number="26" hits="0" branch="false"/>
					</lines>
				</class>
				<class name="info.mikethomas.fahview.v6project.files.config.ConfigFileDataObject" filename="info/mikethomas/fahview/v6project/files/config/ConfigFileDataObject.java" line-rate="0.0" branch-rate="1.0" complexity="1.0">
					<methods>
						<method name="&lt;init&gt;" signature="(Lorg/openide/filesystems/FileObject;Lorg/openide/loaders/MultiFileLoader;)V" line-rate="0.0" branch-rate="1.0" complexity="0">
							<lines>
								<line number="122" hits="0" branch="false"/>
								<line number="123" hits="0" branch="false"/>
								<line number="124" hits="0" branch="false"/>
							</lines>
						</method>
						<method name="associateLookup" signature="()I" line-rate="0.0" branch-rate="1.0" complexity="0">
							<lines>
								<line number="129" hits="0" branch="false"/>
							</lines>
						</method>
						<method name="createEditor" signature="(Lorg/openide/util/Lookup;)Lorg/netbeans/core/spi/multiview/text/MultiViewEditorElement;" line-rate="0.0" branch-rate="1.0" complexity="0">
							<lines>
								<line number="147" hits="0" branch="false"/>
							</lines>
						</method>
					</methods>
					<lines>
						<line number="122" hits="0" branch="false"/>
						<line number="123" hits="0" branch="false"/>
						<line number="124" hits="0" branch="false"/>
						<line number="129" hits="0" branch="false"/>
						<line number="147" hits="0" branch="false"/>
					</lines>
				</class>
				<class name="info.mikethomas.fahview.v6project.files.config.ConfigFileVisualElement" filename="info/mikethomas/fahview/v6project/files/config/ConfigFileVisualElement.java" line-rate="0.0" branch-rate="0.0" complexity="1.0">
					<methods>
						<method name="&lt;clinit&gt;" signature="()V" line-rate="0.0" branch-rate="1.0" complexity="0">
							<lines>
								<line number="42" hits="0" branch="false"/>
							</lines>
						</method>
						<method name="&lt;init&gt;" signature="(Lorg/openide/util/Lookup;)V" line-rate="0.0" branch-rate="0.0" complexity="0">
							<lines>
								<line number="53" hits="0" branch="false"/>
								<line number="61" hits="0" branch="false"/>
								<line number="62" hits="0" branch="false"/>
								<line number="63" hits="0" branch="true" condition-coverage="0% (0/4)">
									<conditions>
										<condition number="0" type="jump" coverage="0%"/>
										<condition number="1" type="jump" coverage="0%"/>
									</conditions>
								</line>
								<line number="64" hits="0" branch="false"/>
								<line number="65" hits="0" branch="false"/>
							</lines>
						</method>
						<method name="canCloseElement" signature="()Lorg/netbeans/core/spi/multiview/CloseOperationState;" line-rate="0.0" branch-rate="1.0" complexity="0">
							<lines>
								<line number="164" hits="0" branch="false"/>
							</lines>
						</method>
						<method name="componentActivated" signature="()V" line-rate="0.0" branch-rate="1.0" complexity="0">
							<lines>
								<line number="142" hits="0" branch="false"/>
							</lines>
						</method>
						<method name="componentClosed" signature="()V" line-rate="0.0" branch-rate="1.0" complexity="0">
							<lines>
								<line number="127" hits="0" branch="false"/>
							</lines>
						</method>
						<method name="componentDeactivated" signature="()V" line-rate="0.0" branch-rate="1.0" complexity="0">
							<lines>
								<line number="147" hits="0" branch="false"/>
							</lines>
						</method>
						<method name="componentHidden" signature="()V" line-rate="0.0" branch-rate="1.0" complexity="0">
							<lines>
								<line number="137" hits="0" branch="false"/>
							</lines>
						</method>
						<method name="componentOpened" signature="()V" line-rate="0.0" branch-rate="1.0" complexity="0">
							<lines>
								<line number="122" hits="0" branch="false"/>
							</lines>
						</method>
						<method name="componentShowing" signature="()V" line-rate="0.0" branch-rate="1.0" complexity="0">
							<lines>
								<line number="132" hits="0" branch="false"/>
							</lines>
						</method>
						<method name="getActions" signature="()[Ljavax/swing/Action;" line-rate="0.0" branch-rate="1.0" complexity="0">
							<lines>
								<line number="110" hits="0" branch="false"/>
							</lines>
						</method>
						<method name="getLookup" signature="()Lorg/openide/util/Lookup;" line-rate="0.0" branch-rate="1.0" complexity="0">
							<lines>
								<line number="116" hits="0" branch="false"/>
							</lines>
						</method>
						<method name="getName" signature="()Ljava/lang/String;" line-rate="0.0" branch-rate="1.0" complexity="0">
							<lines>
								<line number="70" hits="0" branch="false"/>
							</lines>
						</method>
						<method name="getToolbarRepresentation" signature="()Ljavax/swing/JComponent;" line-rate="0.0" branch-rate="1.0" complexity="0">
							<lines>
								<line number="104" hits="0" branch="false"/>
							</lines>
						</method>
						<method name="getUndoRedo" signature="()Lorg/openide/awt/UndoRedo;" line-rate="0.0" branch-rate="1.0" complexity="0">
							<lines>
								<line number="152" hits="0" branch="false"/>
							</lines>
						</method>
						<method name="getVisualRepresentation" signature="()Ljavax/swing/JComponent;" line-rate="0.0" branch-rate="1.0" complexity="0">
							<lines>
								<line number="98" hits="0" branch="false"/>
							</lines>
						</method>
						<method name="initComponents" signature="()V" line-rate="0.0" branch-rate="1.0" complexity="0">
							<lines>
								<line number="81" hits="0" branch="false"/>
								<line number="82" hits="0" branch="false"/>
								<line number="83" hits="0" branch="false"/>
								<line number="84" hits="0" branch="false"/>
								<line number="85" hits="0" branch="false"/>
								<line number="87" hits="0" branch="false"/>
								<line number="88" hits="0" branch="false"/>
								<line number="89" hits="0" branch="false"/>
								<line number="91" hits="0" branch="false"/>
							</lines>
						</method>
						<method name="setMultiViewCallback" signature="(Lorg/netbeans/core/spi/multiview/MultiViewElementCallback;)V" line-rate="0.0" branch-rate="1.0" complexity="0">
							<lines>
								<line number="158" hits="0" branch="false"/>
								<line number="159" hits="0" branch="false"/>
							</lines>
						</method>
					</methods>
					<lines>
						<line number="42" hits="0" branch="false"/>
						<line number="53" hits="0" branch="false"/>
						<line number="61" hits="0" branch="false"/>
						<line number="62" hits="0" branch="false"/>
						<line number="63" hits="0" branch="true" condition-coverage="0% (0/4)">
							<conditions>
								<condition number="0" type="jump" coverage="0%"/>
								<condition number="1" type="jump" coverage="0%"/>
							</conditions>
						</line>
						<line number="64" hits="0" branch="false"/>
						<line number="65" hits="0" branch="false"/>
						<line number="70" hits="0" branch="false"/>
						<line number="81" hits="0" branch="false"/>
						<line number="82" hits="0" branch="false"/>
						<line number="83" hits="0" branch="false"/>
						<line number="84" hits="0" branch="false"/>
						<line number="85" hits="0" branch="false"/>
						<line number="87" hits="0" branch="false"/>
						<line number="88" hits="0" branch="false"/>
						<line number="89" hits="0" branch="false"/>
						<line number="91" hits="0" branch="false"/>
						<line number="98" hits="0" branch="false"/>
						<line number="104" hits="0" branch="false"/>
						<line number="110" hits="0" branch="false"/>
						<line number="116" hits="0" branch="false"/>
						<line number="122" hits="0" branch="false"/>
						<line number="127" hits="0" branch="false"/>
						<line number="132" hits="0" branch="false"/>
						<line number="137" hits="0" branch="false"/>
						<line number="142" hits="0" branch="false"/>
						<line number="147" hits="0" branch="false"/>
						<line number="152" hits="0" branch="false"/>
						<line number="158" hits="0" branch="false"/>
						<line number="159" hits="0" branch="false"/>
						<line number="164" hits="0" branch="false"/>
					</lines>
				</class>
				<class name="info.mikethomas.fahview.v6project.files.config.package-info" filename="info/mikethomas/fahview/v6project/files/config/package-info.java" line-rate="1.0" branch-rate="1.0" complexity="0.0">
					<methods>
					</methods>
					<lines>
					</lines>
				</class>
			</classes>
		</package>
		<package name="info.mikethomas.fahview.v6project.files.queue" line-rate="0.0" branch-rate="0.0" complexity="1.0">
			<classes>
				<class name="info.mikethomas.fahview.v6project.files.queue.Bundle" filename="info/mikethomas/fahview/v6project/files/queue/Bundle.java" line-rate="0.0" branch-rate="1.0" complexity="0.0">
					<methods>
						<method name="&lt;init&gt;" signature="()V" line-rate="0.0" branch-rate="1.0" complexity="0">
							<lines>
								<line number="4" hits="0" branch="false"/>
							</lines>
						</method>
						<method name="Bundle" signature="()V" line-rate="0.0" branch-rate="1.0" complexity="0">
							<lines>
								<line number="26" hits="0" branch="false"/>
							</lines>
						</method>
						<method name="LBL_QueueFile_EDITOR" signature="()Ljava/lang/String;" line-rate="0.0" branch-rate="1.0" complexity="0">
							<lines>
								<line number="10" hits="0" branch="false"/>
							</lines>
						</method>
						<method name="LBL_QueueFile_LOADER" signature="()Ljava/lang/String;" line-rate="0.0" branch-rate="1.0" complexity="0">
							<lines>
								<line number="17" hits="0" branch="false"/>
							</lines>
						</method>
						<method name="LBL_QueueFile_VISUAL" signature="()Ljava/lang/String;" line-rate="0.0" branch-rate="1.0" complexity="0">
							<lines>
								<line number="24" hits="0" branch="false"/>
							</lines>
						</method>
					</methods>
					<lines>
						<line number="4" hits="0" branch="false"/>
						<line number="10" hits="0" branch="false"/>
						<line number="17" hits="0" branch="false"/>
						<line number="24" hits="0" branch="false"/>
						<line number="26" hits="0" branch="false"/>
					</lines>
				</class>
				<class name="info.mikethomas.fahview.v6project.files.queue.QueueFileDataObject" filename="info/mikethomas/fahview/v6project/files/queue/QueueFileDataObject.java" line-rate="0.0" branch-rate="1.0" complexity="1.0">
					<methods>
						<method name="&lt;init&gt;" signature="(Lorg/openide/filesystems/FileObject;Lorg/openide/loaders/MultiFileLoader;)V" line-rate="0.0" branch-rate="1.0" complexity="0">
							<lines>
								<line number="122" hits="0" branch="false"/>
								<line number="123" hits="0" branch="false"/>
								<line number="124" hits="0" branch="false"/>
							</lines>
						</method>
						<method name="associateLookup" signature="()I" line-rate="0.0" branch-rate="1.0" complexity="0">
							<lines>
								<line number="129" hits="0" branch="false"/>
							</lines>
						</method>
						<method name="createEditor" signature="(Lorg/openide/util/Lookup;)Lorg/netbeans/core/spi/multiview/text/MultiViewEditorElement;" line-rate="0.0" branch-rate="1.0" complexity="0">
							<lines>
								<line number="147" hits="0" branch="false"/>
							</lines>
						</method>
					</methods>
					<lines>
						<line number="122" hits="0" branch="false"/>
						<line number="123" hits="0" branch="false"/>
						<line number="124" hits="0" branch="false"/>
						<line number="129" hits="0" branch="false"/>
						<line number="147" hits="0" branch="false"/>
					</lines>
				</class>
				<class name="info.mikethomas.fahview.v6project.files.queue.QueueFileVisualElement" filename="info/mikethomas/fahview/v6project/files/queue/QueueFileVisualElement.java" line-rate="0.0" branch-rate="0.0" complexity="1.0">
					<methods>
						<method name="&lt;clinit&gt;" signature="()V" line-rate="0.0" branch-rate="1.0" complexity="0">
							<lines>
								<line number="42" hits="0" branch="false"/>
							</lines>
						</method>
						<method name="&lt;init&gt;" signature="(Lorg/openide/util/Lookup;)V" line-rate="0.0" branch-rate="0.0" complexity="0">
							<lines>
								<line number="53" hits="0" branch="false"/>
								<line number="61" hits="0" branch="false"/>
								<line number="62" hits="0" branch="false"/>
								<line number="63" hits="0" branch="true" condition-coverage="0% (0/4)">
									<conditions>
										<condition number="0" type="jump" coverage="0%"/>
										<condition number="1" type="jump" coverage="0%"/>
									</conditions>
								</line>
								<line number="64" hits="0" branch="false"/>
								<line number="65" hits="0" branch="false"/>
							</lines>
						</method>
						<method name="canCloseElement" signature="()Lorg/netbeans/core/spi/multiview/CloseOperationState;" line-rate="0.0" branch-rate="1.0" complexity="0">
							<lines>
								<line number="164" hits="0" branch="false"/>
							</lines>
						</method>
						<method name="componentActivated" signature="()V" line-rate="0.0" branch-rate="1.0" complexity="0">
							<lines>
								<line number="142" hits="0" branch="false"/>
							</lines>
						</method>
						<method name="componentClosed" signature="()V" line-rate="0.0" branch-rate="1.0" complexity="0">
							<lines>
								<line number="127" hits="0" branch="false"/>
							</lines>
						</method>
						<method name="componentDeactivated" signature="()V" line-rate="0.0" branch-rate="1.0" complexity="0">
							<lines>
								<line number="147" hits="0" branch="false"/>
							</lines>
						</method>
						<method name="componentHidden" signature="()V" line-rate="0.0" branch-rate="1.0" complexity="0">
							<lines>
								<line number="137" hits="0" branch="false"/>
							</lines>
						</method>
						<method name="componentOpened" signature="()V" line-rate="0.0" branch-rate="1.0" complexity="0">
							<lines>
								<line number="122" hits="0" branch="false"/>
							</lines>
						</method>
						<method name="componentShowing" signature="()V" line-rate="0.0" branch-rate="1.0" complexity="0">
							<lines>
								<line number="132" hits="0" branch="false"/>
							</lines>
						</method>
						<method name="getActions" signature="()[Ljavax/swing/Action;" line-rate="0.0" branch-rate="1.0" complexity="0">
							<lines>
								<line number="110" hits="0" branch="false"/>
							</lines>
						</method>
						<method name="getLookup" signature="()Lorg/openide/util/Lookup;" line-rate="0.0" branch-rate="1.0" complexity="0">
							<lines>
								<line number="116" hits="0" branch="false"/>
							</lines>
						</method>
						<method name="getName" signature="()Ljava/lang/String;" line-rate="0.0" branch-rate="1.0" complexity="0">
							<lines>
								<line number="70" hits="0" branch="false"/>
							</lines>
						</method>
						<method name="getToolbarRepresentation" signature="()Ljavax/swing/JComponent;" line-rate="0.0" branch-rate="1.0" complexity="0">
							<lines>
								<line number="104" hits="0" branch="false"/>
							</lines>
						</method>
						<method name="getUndoRedo" signature="()Lorg/openide/awt/UndoRedo;" line-rate="0.0" branch-rate="1.0" complexity="0">
							<lines>
								<line number="152" hits="0" branch="false"/>
							</lines>
						</method>
						<method name="getVisualRepresentation" signature="()Ljavax/swing/JComponent;" line-rate="0.0" branch-rate="1.0" complexity="0">
							<lines>
								<line number="98" hits="0" branch="false"/>
							</lines>
						</method>
						<method name="initComponents" signature="()V" line-rate="0.0" branch-rate="1.0" complexity="0">
							<lines>
								<line number="81" hits="0" branch="false"/>
								<line number="82" hits="0" branch="false"/>
								<line number="83" hits="0" branch="false"/>
								<line number="84" hits="0" branch="false"/>
								<line number="85" hits="0" branch="false"/>
								<line number="87" hits="0" branch="false"/>
								<line number="88" hits="0" branch="false"/>
								<line number="89" hits="0" branch="false"/>
								<line number="91" hits="0" branch="false"/>
							</lines>
						</method>
						<method name="setMultiViewCallback" signature="(Lorg/netbeans/core/spi/multiview/MultiViewElementCallback;)V" line-rate="0.0" branch-rate="1.0" complexity="0">
							<lines>
								<line number="158" hits="0" branch="false"/>
								<line number="159" hits="0" branch="false"/>
							</lines>
						</method>
					</methods>
					<lines>
						<line number="42" hits="0" branch="false"/>
						<line number="53" hits="0" branch="false"/>
						<line number="61" hits="0" branch="false"/>
						<line number="62" hits="0" branch="false"/>
						<line number="63" hits="0" branch="true" condition-coverage="0% (0/4)">
							<conditions>
								<condition number="0" type="jump" coverage="0%"/>
								<condition number="1" type="jump" coverage="0%"/>
							</conditions>
						</line>
						<line number="64" hits="0" branch="false"/>
						<line number="65" hits="0" branch="false"/>
						<line number="70" hits="0" branch="false"/>
						<line number="81" hits="0" branch="false"/>
						<line number="82" hits="0" branch="false"/>
						<line number="83" hits="0" branch="false"/>
						<line number="84" hits="0" branch="false"/>
						<line number="85" hits="0" branch="false"/>
						<line number="87" hits="0" branch="false"/>
						<line number="88" hits="0" branch="false"/>
						<line number="89" hits="0" branch="false"/>
						<line number="91" hits="0" branch="false"/>
						<line number="98" hits="0" branch="false"/>
						<line number="104" hits="0" branch="false"/>
						<line number="110" hits="0" branch="false"/>
						<line number="116" hits="0" branch="false"/>
						<line number="122" hits="0" branch="false"/>
						<line number="127" hits="0" branch="false"/>
						<line number="132" hits="0" branch="false"/>
						<line number="137" hits="0" branch="false"/>
						<line number="142" hits="0" branch="false"/>
						<line number="147" hits="0" branch="false"/>
						<line number="152" hits="0" branch="false"/>
						<line number="158" hits="0" branch="false"/>
						<line number="159" hits="0" branch="false"/>
						<line number="164" hits="0" branch="false"/>
					</lines>
				</class>
				<class name="info.mikethomas.fahview.v6project.files.queue.package-info" filename="info/mikethomas/fahview/v6project/files/queue/package-info.java" line-rate="1.0" branch-rate="1.0" complexity="0.0">
					<methods>
					</methods>
					<lines>
					</lines>
				</class>
			</classes>
		</package>
		<package name="info.mikethomas.fahview.v6project.model" line-rate="0.0" branch-rate="0.0" complexity="1.6525821596244132">
			<classes>
				<class name="info.mikethomas.fahview.v6project.model.Client" filename="info/mikethomas/fahview/v6project/model/Client.java" line-rate="0.0" branch-rate="1.0" complexity="1.0">
					<methods>
						<method name="&lt;init&gt;" signature="(Ljava/lang/String;)V" line-rate="0.0" branch-rate="1.0" complexity="0">
							<lines>
								<line number="44" hits="0" branch="false"/>
								<line number="45" hits="0" branch="false"/>
								<line number="47" hits="0" branch="false"/>
							</lines>
						</method>
						<method name="getArguments" signature="()Ljava/lang/String;" line-rate="0.0" branch-rate="1.0" complexity="0">
							<lines>
								<line number="130" hits="0" branch="false"/>
							</lines>
						</method>
						<method name="getEdition" signature="()Ljava/lang/String;" line-rate="0.0" branch-rate="1.0" complexity="0">
							<lines>
								<line number="139" hits="0" branch="false"/>
							</lines>
						</method>
						<method name="getExecutable" signature="()Ljava/lang/String;" line-rate="0.0" branch-rate="1.0" complexity="0">
							<lines>
								<line number="148" hits="0" branch="false"/>
							</lines>
						</method>
						<method name="getLaunchDirectory" signature="()Ljava/lang/String;" line-rate="0.0" branch-rate="1.0" complexity="0">
							<lines>
								<line number="157" hits="0" branch="false"/>
							</lines>
						</method>
						<method name="getLocation" signature="()Ljava/lang/String;" line-rate="0.0" branch-rate="1.0" complexity="0">
							<lines>
								<line number="231" hits="0" branch="false"/>
							</lines>
						</method>
						<method name="getMachineID" signature="()I" line-rate="0.0" branch-rate="1.0" complexity="0">
							<lines>
								<line number="175" hits="0" branch="false"/>
							</lines>
						</method>
						<method name="getTeamNo" signature="()I" line-rate="0.0" branch-rate="1.0" complexity="0">
							<lines>
								<line number="166" hits="0" branch="false"/>
							</lines>
						</method>
						<method name="getUserID" signature="()Ljava/lang/String;" line-rate="0.0" branch-rate="1.0" complexity="0">
							<lines>
								<line number="184" hits="0" branch="false"/>
							</lines>
						</method>
						<method name="getUserName" signature="()Ljava/lang/String;" line-rate="0.0" branch-rate="1.0" complexity="0">
							<lines>
								<line number="193" hits="0" branch="false"/>
							</lines>
						</method>
						<method name="getVersion" signature="()Ljava/lang/String;" line-rate="0.0" branch-rate="1.0" complexity="0">
							<lines>
								<line number="202" hits="0" branch="false"/>
							</lines>
						</method>
						<method name="setArguments" signature="(Ljava/lang/String;)V" line-rate="0.0" branch-rate="1.0" complexity="0">
							<lines>
								<line number="55" hits="0" branch="false"/>
								<line number="56" hits="0" branch="false"/>
							</lines>
						</method>
						<method name="setEdition" signature="(Ljava/lang/String;)V" line-rate="0.0" branch-rate="1.0" complexity="0">
							<lines>
								<line number="64" hits="0" branch="false"/>
								<line number="65" hits="0" branch="false"/>
							</lines>
						</method>
						<method name="setExecutable" signature="(Ljava/lang/String;)V" line-rate="0.0" branch-rate="1.0" complexity="0">
							<lines>
								<line number="73" hits="0" branch="false"/>
								<line number="74" hits="0" branch="false"/>
							</lines>
						</method>
						<method name="setLaunchDirectory" signature="(Ljava/lang/String;)V" line-rate="0.0" branch-rate="1.0" complexity="0">
							<lines>
								<line number="82" hits="0" branch="false"/>
								<line number="83" hits="0" branch="false"/>
							</lines>
						</method>
						<method name="setMachineID" signature="(Ljava/lang/String;)V" line-rate="0.0" branch-rate="1.0" complexity="0">
							<lines>
								<line number="91" hits="0" branch="false"/>
								<line number="92" hits="0" branch="false"/>
							</lines>
						</method>
						<method name="setUserID" signature="(Ljava/lang/String;)V" line-rate="0.0" branch-rate="1.0" complexity="0">
							<lines>
								<line number="100" hits="0" branch="false"/>
								<line number="101" hits="0" branch="false"/>
							</lines>
						</method>
						<method name="setUserName" signature="(Ljava/lang/String;)V" line-rate="0.0" branch-rate="1.0" complexity="0">
							<lines>
								<line number="109" hits="0" branch="false"/>
								<line number="110" hits="0" branch="false"/>
								<line number="111" hits="0" branch="false"/>
								<line number="112" hits="0" branch="false"/>
								<line number="113" hits="0" branch="false"/>
							</lines>
						</method>
						<method name="setVersion" signature="(Ljava/lang/String;)V" line-rate="0.0" branch-rate="1.0" complexity="0">
							<lines>
								<line number="121" hits="0" branch="false"/>
								<line number="122" hits="0" branch="false"/>
							</lines>
						</method>
						<method name="trimAttribute" signature="(Ljava/lang/String;)Ljava/lang/String;" line-rate="0.0" branch-rate="1.0" complexity="0">
							<lines>
								<line number="212" hits="0" branch="false"/>
							</lines>
						</method>
						<method name="trimFilePath" signature="(Ljava/lang/String;)Ljava/lang/String;" line-rate="0.0" branch-rate="1.0" complexity="0">
							<lines>
								<line number="222" hits="0" branch="false"/>
							</lines>
						</method>
					</methods>
					<lines>
						<line number="44" hits="0" branch="false"/>
						<line number="45" hits="0" branch="false"/>
						<line number="47" hits="0" branch="false"/>
						<line number="55" hits="0" branch="false"/>
						<line number="56" hits="0" branch="false"/>
						<line number="64" hits="0" branch="false"/>
						<line number="65" hits="0" branch="false"/>
						<line number="73" hits="0" branch="false"/>
						<line number="74" hits="0" branch="false"/>
						<line number="82" hits="0" branch="false"/>
						<line number="83" hits="0" branch="false"/>
						<line number="91" hits="0" branch="false"/>
						<line number="92" hits="0" branch="false"/>
						<line number="100" hits="0" branch="false"/>
						<line number="101" hits="0" branch="false"/>
						<line number="109" hits="0" branch="false"/>
						<line number="110" hits="0" branch="false"/>
						<line number="111" hits="0" branch="false"/>
						<line number="112" hits="0" branch="false"/>
						<line number="113" hits="0" branch="false"/>
						<line number="121" hits="0" branch="false"/>
						<line number="122" hits="0" branch="false"/>
						<line number="130" hits="0" branch="false"/>
						<line number="139" hits="0" branch="false"/>
						<line number="148" hits="0" branch="false"/>
						<line number="157" hits="0" branch="false"/>
						<line number="166" hits="0" branch="false"/>
						<line number="175" hits="0" branch="false"/>
						<line number="184" hits="0" branch="false"/>
						<line number="193" hits="0" branch="false"/>
						<line number="202" hits="0" branch="false"/>
						<line number="212" hits="0" branch="false"/>
						<line number="222" hits="0" branch="false"/>
						<line number="231" hits="0" branch="false"/>
					</lines>
				</class>
				<class name="info.mikethomas.fahview.v6project.model.Core" filename="info/mikethomas/fahview/v6project/model/Core.java" line-rate="0.0" branch-rate="0.0" complexity="4.7">
					<methods>
						<method name="&lt;init&gt;" signature="(ILinfo/mikethomas/fahview/v6project/utilities/QueueReader;)V" line-rate="0.0" branch-rate="0.0" complexity="0">
							<lines>
								<line number="50" hits="0" branch="false"/>
								<line number="51" hits="0" branch="false"/>
								<line number="52" hits="0" branch="true" condition-coverage="0% (0/11)">
									<conditions>
										<condition number="0" type="switch" coverage="0%"/>
									</conditions>
								</line>
								<line number="54" hits="0" branch="false"/>
								<line number="55" hits="0" branch="false"/>
								<line number="57" hits="0" branch="false"/>
								<line number="58" hits="0" branch="false"/>
								<line number="60" hits="0" branch="false"/>
								<line number="61" hits="0" branch="false"/>
								<line number="63" hits="0" branch="false"/>
								<line number="64" hits="0" branch="false"/>
								<line number="66" hits="0" branch="false"/>
								<line number="67" hits="0" branch="false"/>
								<line number="69" hits="0" branch="false"/>
								<line number="70" hits="0" branch="false"/>
								<line number="72" hits="0" branch="false"/>
								<line number="73" hits="0" branch="false"/>
								<line number="75" hits="0" branch="false"/>
								<line number="76" hits="0" branch="false"/>
								<line number="78" hits="0" branch="false"/>
								<line number="79" hits="0" branch="false"/>
								<line number="81" hits="0" branch="false"/>
								<line number="82" hits="0" branch="false"/>
								<line number="84" hits="0" branch="false"/>
								<line number="86" hits="0" branch="false"/>
								<line number="87" hits="0" branch="false"/>
								<line number="88" hits="0" branch="false"/>
							</lines>
						</method>
						<method name="getCoreNo" signature="()Ljava/lang/String;" line-rate="0.0" branch-rate="1.0" complexity="0">
							<lines>
								<line number="96" hits="0" branch="false"/>
							</lines>
						</method>
						<method name="getFileName" signature="()Ljava/lang/String;" line-rate="0.0" branch-rate="1.0" complexity="0">
							<lines>
								<line number="219" hits="0" branch="false"/>
							</lines>
						</method>
						<method name="getProject" signature="()Ljava/lang/String;" line-rate="0.0" branch-rate="1.0" complexity="0">
							<lines>
								<line number="105" hits="0" branch="false"/>
							</lines>
						</method>
						<method name="setCoreNo" signature="()V" line-rate="0.0" branch-rate="1.0" complexity="0">
							<lines>
								<line number="112" hits="0" branch="false"/>
								<line number="113" hits="0" branch="false"/>
							</lines>
						</method>
						<method name="setFileName" signature="(Ljava/lang/String;)V" line-rate="0.0" branch-rate="1.0" complexity="0">
							<lines>
								<line number="210" hits="0" branch="false"/>
								<line number="211" hits="0" branch="false"/>
							</lines>
						</method>
						<method name="setProject" signature="()V" line-rate="0.0" branch-rate="0.0" complexity="0">
							<lines>
								<line number="119" hits="0" branch="true" condition-coverage="0% (0/27)">
									<conditions>
										<condition number="0" type="switch" coverage="0%"/>
									</conditions>
								</line>
								<line number="121" hits="0" branch="false"/>
								<line number="122" hits="0" branch="false"/>
								<line number="124" hits="0" branch="false"/>
								<line number="125" hits="0" branch="false"/>
								<line number="127" hits="0" branch="false"/>
								<line number="128" hits="0" branch="false"/>
								<line number="130" hits="0" branch="false"/>
								<line number="131" hits="0" branch="false"/>
								<line number="133" hits="0" branch="false"/>
								<line number="134" hits="0" branch="false"/>
								<line number="136" hits="0" branch="false"/>
								<line number="137" hits="0" branch="false"/>
								<line number="139" hits="0" branch="false"/>
								<line number="140" hits="0" branch="false"/>
								<line number="142" hits="0" branch="false"/>
								<line number="143" hits="0" branch="false"/>
								<line number="145" hits="0" branch="false"/>
								<line number="146" hits="0" branch="false"/>
								<line number="148" hits="0" branch="false"/>
								<line number="149" hits="0" branch="false"/>
								<line number="151" hits="0" branch="false"/>
								<line number="152" hits="0" branch="false"/>
								<line number="154" hits="0" branch="false"/>
								<line number="155" hits="0" branch="false"/>
								<line number="157" hits="0" branch="false"/>
								<line number="158" hits="0" branch="false"/>
								<line number="160" hits="0" branch="false"/>
								<line number="161" hits="0" branch="false"/>
								<line number="163" hits="0" branch="false"/>
								<line number="164" hits="0" branch="false"/>
								<line number="166" hits="0" branch="false"/>
								<line number="167" hits="0" branch="false"/>
								<line number="169" hits="0" branch="false"/>
								<line number="170" hits="0" branch="false"/>
								<line number="172" hits="0" branch="false"/>
								<line number="173" hits="0" branch="false"/>
								<line number="175" hits="0" branch="false"/>
								<line number="176" hits="0" branch="false"/>
								<line number="178" hits="0" branch="false"/>
								<line number="179" hits="0" branch="false"/>
								<line number="181" hits="0" branch="false"/>
								<line number="182" hits="0" branch="false"/>
								<line number="184" hits="0" branch="false"/>
								<line number="185" hits="0" branch="false"/>
								<line number="187" hits="0" branch="false"/>
								<line number="188" hits="0" branch="false"/>
								<line number="190" hits="0" branch="false"/>
								<line number="191" hits="0" branch="false"/>
								<line number="193" hits="0" branch="false"/>
								<line number="194" hits="0" branch="false"/>
								<line number="196" hits="0" branch="false"/>
								<line number="197" hits="0" branch="false"/>
								<line number="199" hits="0" branch="false"/>
								<line number="202" hits="0" branch="false"/>
							</lines>
						</method>
						<method name="toString" signature="()Ljava/lang/String;" line-rate="0.0" branch-rate="1.0" complexity="0">
							<lines>
								<line number="243" hits="0" branch="false"/>
								<line number="244" hits="0" branch="false"/>
								<line number="245" hits="0" branch="false"/>
								<line number="246" hits="0" branch="false"/>
							</lines>
						</method>
						<method name="trimAttribute" signature="(Ljava/lang/String;)Ljava/lang/String;" line-rate="0.0" branch-rate="1.0" complexity="0">
							<lines>
								<line number="229" hits="0" branch="false"/>
							</lines>
						</method>
						<method name="update" signature="()V" line-rate="0.0" branch-rate="1.0" complexity="0">
							<lines>
								<line number="236" hits="0" branch="false"/>
								<line number="237" hits="0" branch="false"/>
								<line number="238" hits="0" branch="false"/>
							</lines>
						</method>
					</methods>
					<lines>
						<line number="50" hits="0" branch="false"/>
						<line number="51" hits="0" branch="false"/>
						<line number="52" hits="0" branch="true" condition-coverage="0% (0/11)">
							<conditions>
								<condition number="0" type="switch" coverage="0%"/>
							</conditions>
						</line>
						<line number="54" hits="0" branch="false"/>
						<line number="55" hits="0" branch="false"/>
						<line number="57" hits="0" branch="false"/>
						<line number="58" hits="0" branch="false"/>
						<line number="60" hits="0" branch="false"/>
						<line number="61" hits="0" branch="false"/>
						<line number="63" hits="0" branch="false"/>
						<line number="64" hits="0" branch="false"/>
						<line number="66" hits="0" branch="false"/>
						<line number="67" hits="0" branch="false"/>
						<line number="69" hits="0" branch="false"/>
						<line number="70" hits="0" branch="false"/>
						<line number="72" hits="0" branch="false"/>
						<line number="73" hits="0" branch="false"/>
						<line number="75" hits="0" branch="false"/>
						<line number="76" hits="0" branch="false"/>
						<line number="78" hits="0" branch="false"/>
						<line number="79" hits="0" branch="false"/>
						<line number="81" hits="0" branch="false"/>
						<line number="82" hits="0" branch="false"/>
						<line number="84" hits="0" branch="false"/>
						<line number="86" hits="0" branch="false"/>
						<line number="87" hits="0" branch="false"/>
						<line number="88" hits="0" branch="false"/>
						<line number="96" hits="0" branch="false"/>
						<line number="105" hits="0" branch="false"/>
						<line number="112" hits="0" branch="false"/>
						<line number="113" hits="0" branch="false"/>
						<line number="119" hits="0" branch="true" condition-coverage="0% (0/27)">
							<conditions>
								<condition number="0" type="switch" coverage="0%"/>
							</conditions>
						</line>
						<line number="121" hits="0" branch="false"/>
						<line number="122" hits="0" branch="false"/>
						<line number="124" hits="0" branch="false"/>
						<line number="125" hits="0" branch="false"/>
						<line number="127" hits="0" branch="false"/>
						<line number="128" hits="0" branch="false"/>
						<line number="130" hits="0" branch="false"/>
						<line number="131" hits="0" branch="false"/>
						<line number="133" hits="0" branch="false"/>
						<line number="134" hits="0" branch="false"/>
						<line number="136" hits="0" branch="false"/>
						<line number="137" hits="0" branch="false"/>
						<line number="139" hits="0" branch="false"/>
						<line number="140" hits="0" branch="false"/>
						<line number="142" hits="0" branch="false"/>
						<line number="143" hits="0" branch="false"/>
						<line number="145" hits="0" branch="false"/>
						<line number="146" hits="0" branch="false"/>
						<line number="148" hits="0" branch="false"/>
						<line number="149" hits="0" branch="false"/>
						<line number="151" hits="0" branch="false"/>
						<line number="152" hits="0" branch="false"/>
						<line number="154" hits="0" branch="false"/>
						<line number="155" hits="0" branch="false"/>
						<line number="157" hits="0" branch="false"/>
						<line number="158" hits="0" branch="false"/>
						<line number="160" hits="0" branch="false"/>
						<line number="161" hits="0" branch="false"/>
						<line number="163" hits="0" branch="false"/>
						<line number="164" hits="0" branch="false"/>
						<line number="166" hits="0" branch="false"/>
						<line number="167" hits="0" branch="false"/>
						<line number="169" hits="0" branch="false"/>
						<line number="170" hits="0" branch="false"/>
						<line number="172" hits="0" branch="false"/>
						<line number="173" hits="0" branch="false"/>
						<line number="175" hits="0" branch="false"/>
						<line number="176" hits="0" branch="false"/>
						<line number="178" hits="0" branch="false"/>
						<line number="179" hits="0" branch="false"/>
						<line number="181" hits="0" branch="false"/>
						<line number="182" hits="0" branch="false"/>
						<line number="184" hits="0" branch="false"/>
						<line number="185" hits="0" branch="false"/>
						<line number="187" hits="0" branch="false"/>
						<line number="188" hits="0" branch="false"/>
						<line number="190" hits="0" branch="false"/>
						<line number="191" hits="0" branch="false"/>
						<line number="193" hits="0" branch="false"/>
						<line number="194" hits="0" branch="false"/>
						<line number="196" hits="0" branch="false"/>
						<line number="197" hits="0" branch="false"/>
						<line number="199" hits="0" branch="false"/>
						<line number="202" hits="0" branch="false"/>
						<line number="210" hits="0" branch="false"/>
						<line number="211" hits="0" branch="false"/>
						<line number="219" hits="0" branch="false"/>
						<line number="229" hits="0" branch="false"/>
						<line number="236" hits="0" branch="false"/>
						<line number="237" hits="0" branch="false"/>
						<line number="238" hits="0" branch="false"/>
						<line number="243" hits="0" branch="false"/>
						<line number="244" hits="0" branch="false"/>
						<line number="245" hits="0" branch="false"/>
						<line number="246" hits="0" branch="false"/>
					</lines>
				</class>
				<class name="info.mikethomas.fahview.v6project.model.Queue" filename="info/mikethomas/fahview/v6project/model/Queue.java" line-rate="1.0" branch-rate="1.0" complexity="1.0">
					<methods>
					</methods>
					<lines>
					</lines>
				</class>
				<class name="info.mikethomas.fahview.v6project.model.QueueImpl" filename="info/mikethomas/fahview/v6project/model/QueueImpl.java" line-rate="0.0" branch-rate="0.0" complexity="1.1666666666666667">
					<methods>
						<method name="&lt;init&gt;" signature="(Linfo/mikethomas/fahview/v6project/utilities/QueueReader;)V" line-rate="0.0" branch-rate="1.0" complexity="0">
							<lines>
								<line number="55" hits="0" branch="false"/>
								<line number="56" hits="0" branch="false"/>
								<line number="57" hits="0" branch="false"/>
								<line number="58" hits="0" branch="false"/>
							</lines>
						</method>
						<method name="getCurrent" signature="()I" line-rate="0.0" branch-rate="1.0" complexity="0">
							<lines>
								<line number="69" hits="0" branch="false"/>
							</lines>
						</method>
						<method name="getDrate" signature="()I" line-rate="0.0" branch-rate="1.0" complexity="0">
							<lines>
								<line number="93" hits="0" branch="false"/>
							</lines>
						</method>
						<method name="getDunits" signature="()I" line-rate="0.0" branch-rate="1.0" complexity="0">
							<lines>
								<line number="99" hits="0" branch="false"/>
							</lines>
						</method>
						<method name="getPfract" signature="()I" line-rate="0.0" branch-rate="1.0" complexity="0">
							<lines>
								<line number="81" hits="0" branch="false"/>
							</lines>
						</method>
						<method name="getPunits" signature="()I" line-rate="0.0" branch-rate="1.0" complexity="0">
							<lines>
								<line number="87" hits="0" branch="false"/>
							</lines>
						</method>
						<method name="getQueueIndex" signature="(I)Linfo/mikethomas/fahview/v6project/model/QueueIndexImpl;" line-rate="0.0" branch-rate="1.0" complexity="0">
							<lines>
								<line number="75" hits="0" branch="false"/>
							</lines>
						</method>
						<method name="getSent" signature="()I" line-rate="0.0" branch-rate="1.0" complexity="0">
							<lines>
								<line number="117" hits="0" branch="false"/>
							</lines>
						</method>
						<method name="getUrate" signature="()I" line-rate="0.0" branch-rate="1.0" complexity="0">
							<lines>
								<line number="105" hits="0" branch="false"/>
							</lines>
						</method>
						<method name="getUunits" signature="()I" line-rate="0.0" branch-rate="1.0" complexity="0">
							<lines>
								<line number="111" hits="0" branch="false"/>
							</lines>
						</method>
						<method name="getVersion" signature="()I" line-rate="0.0" branch-rate="1.0" complexity="0">
							<lines>
								<line number="63" hits="0" branch="false"/>
							</lines>
						</method>
						<method name="setCurrent" signature="()V" line-rate="0.0" branch-rate="1.0" complexity="0">
							<lines>
								<line number="131" hits="0" branch="false"/>
								<line number="132" hits="0" branch="false"/>
							</lines>
						</method>
						<method name="setDrate" signature="()V" line-rate="0.0" branch-rate="1.0" complexity="0">
							<lines>
								<line number="174" hits="0" branch="false"/>
								<line number="175" hits="0" branch="false"/>
							</lines>
						</method>
						<method name="setDunits" signature="()V" line-rate="0.0" branch-rate="1.0" complexity="0">
							<lines>
								<line number="181" hits="0" branch="false"/>
								<line number="182" hits="0" branch="false"/>
							</lines>
						</method>
						<method name="setIndex" signature="()V" line-rate="0.0" branch-rate="1.0" complexity="0">
							<lines>
								<line number="139" hits="0" branch="false"/>
								<line number="140" hits="0" branch="false"/>
								<line number="141" hits="0" branch="false"/>
								<line number="142" hits="0" branch="false"/>
								<line number="143" hits="0" branch="false"/>
								<line number="144" hits="0" branch="false"/>
								<line number="145" hits="0" branch="false"/>
								<line number="146" hits="0" branch="false"/>
								<line number="147" hits="0" branch="false"/>
								<line number="148" hits="0" branch="false"/>
								<line number="149" hits="0" branch="false"/>
								<line number="151" hits="0" branch="false"/>
								<line number="152" hits="0" branch="false"/>
								<line number="153" hits="0" branch="false"/>
								<line number="154" hits="0" branch="false"/>
							</lines>
						</method>
						<method name="setPfract" signature="()V" line-rate="0.0" branch-rate="1.0" complexity="0">
							<lines>
								<line number="160" hits="0" branch="false"/>
								<line number="161" hits="0" branch="false"/>
							</lines>
						</method>
						<method name="setPunits" signature="()V" line-rate="0.0" branch-rate="1.0" complexity="0">
							<lines>
								<line number="167" hits="0" branch="false"/>
								<line number="168" hits="0" branch="false"/>
							</lines>
						</method>
						<method name="setSent" signature="()V" line-rate="0.0" branch-rate="1.0" complexity="0">
							<lines>
								<line number="202" hits="0" branch="false"/>
								<line number="203" hits="0" branch="false"/>
							</lines>
						</method>
						<method name="setUrate" signature="()V" line-rate="0.0" branch-rate="1.0" complexity="0">
							<lines>
								<line number="188" hits="0" branch="false"/>
								<line number="189" hits="0" branch="false"/>
							</lines>
						</method>
						<method name="setUunits" signature="()V" line-rate="0.0" branch-rate="1.0" complexity="0">
							<lines>
								<line number="195" hits="0" branch="false"/>
								<line number="196" hits="0" branch="false"/>
							</lines>
						</method>
						<method name="setVersion" signature="()V" line-rate="0.0" branch-rate="1.0" complexity="0">
							<lines>
								<line number="124" hits="0" branch="false"/>
								<line number="125" hits="0" branch="false"/>
							</lines>
						</method>
						<method name="setZ7156" signature="()V" line-rate="0.0" branch-rate="0.0" complexity="0">
							<lines>
								<line number="209" hits="0" branch="false"/>
								<line number="210" hits="0" branch="false"/>
								<line number="211" hits="0" branch="true" condition-coverage="0% (0/2)">
									<conditions>
										<condition number="0" type="jump" coverage="0%"/>
									</conditions>
								</line>
								<line number="212" hits="0" branch="true" condition-coverage="0% (0/2)">
									<conditions>
										<condition number="0" type="jump" coverage="0%"/>
									</conditions>
								</line>
								<line number="213" hits="0" branch="false"/>
								<line number="216" hits="0" branch="true" condition-coverage="0% (0/2)">
									<conditions>
										<condition number="0" type="jump" coverage="0%"/>
									</conditions>
								</line>
								<line number="217" hits="0" branch="false"/>
								<line number="219" hits="0" branch="false"/>
							</lines>
						</method>
						<method name="toString" signature="()Ljava/lang/String;" line-rate="0.0" branch-rate="1.0" complexity="0">
							<lines>
								<line number="228" hits="0" branch="false"/>
								<line number="229" hits="0" branch="false"/>
								<line number="230" hits="0" branch="false"/>
								<line number="231" hits="0" branch="false"/>
								<line number="232" hits="0" branch="false"/>
								<line number="233" hits="0" branch="false"/>
								<line number="234" hits="0" branch="false"/>
								<line number="235" hits="0" branch="false"/>
								<line number="236" hits="0" branch="false"/>
								<line number="237" hits="0" branch="false"/>
								<line number="238" hits="0" branch="false"/>
								<line number="239" hits="0" branch="false"/>
								<line number="240" hits="0" branch="false"/>
								<line number="241" hits="0" branch="false"/>
								<line number="242" hits="0" branch="false"/>
								<line number="243" hits="0" branch="false"/>
								<line number="244" hits="0" branch="false"/>
								<line number="245" hits="0" branch="false"/>
								<line number="246" hits="0" branch="false"/>
								<line number="247" hits="0" branch="false"/>
								<line number="248" hits="0" branch="false"/>
							</lines>
						</method>
						<method name="update" signature="()V" line-rate="0.0" branch-rate="1.0" complexity="0">
							<lines>
								<line number="254" hits="0" branch="false"/>
								<line number="255" hits="0" branch="false"/>
								<line number="256" hits="0" branch="false"/>
								<line number="257" hits="0" branch="false"/>
								<line number="258" hits="0" branch="false"/>
								<line number="259" hits="0" branch="false"/>
								<line number="260" hits="0" branch="false"/>
								<line number="261" hits="0" branch="false"/>
								<line number="262" hits="0" branch="false"/>
								<line number="263" hits="0" branch="false"/>
								<line number="264" hits="0" branch="false"/>
								<line number="265" hits="0" branch="false"/>
							</lines>
						</method>
					</methods>
					<lines>
						<line number="55" hits="0" branch="false"/>
						<line number="56" hits="0" branch="false"/>
						<line number="57" hits="0" branch="false"/>
						<line number="58" hits="0" branch="false"/>
						<line number="63" hits="0" branch="false"/>
						<line number="69" hits="0" branch="false"/>
						<line number="75" hits="0" branch="false"/>
						<line number="81" hits="0" branch="false"/>
						<line number="87" hits="0" branch="false"/>
						<line number="93" hits="0" branch="false"/>
						<line number="99" hits="0" branch="false"/>
						<line number="105" hits="0" branch="false"/>
[...]
							<lines>
								<line number="66" hits="0" branch="false"/>
							</lines>
						</method>
						<method name="createGeneral" signature="()Linfo/mikethomas/fahview/v6project/properties/GeneralClientProperties;" line-rate="0.0" branch-rate="1.0" complexity="0">
							<lines>
								<line number="50" hits="0" branch="false"/>
							</lines>
						</method>
					</methods>
					<lines>
						<line number="36" hits="0" branch="false"/>
						<line number="50" hits="0" branch="false"/>
						<line number="57" hits="0" branch="false"/>
						<line number="59" hits="0" branch="false"/>
						<line number="66" hits="0" branch="false"/>
					</lines>
				</class>
			</classes>
		</package>
		<package name="info.mikethomas.fahview.v6project.utilities" line-rate="0.0" branch-rate="0.0" complexity="1.565217391304348">
			<classes>
				<class name="info.mikethomas.fahview.v6project.utilities.ByteSwapper" filename="info/mikethomas/fahview/v6project/utilities/ByteSwapper.java" line-rate="0.0" branch-rate="0.0" complexity="1.5">
					<methods>
						<method name="&lt;init&gt;" signature="()V" line-rate="0.0" branch-rate="1.0" complexity="0">
							<lines>
								<line number="30" hits="0" branch="false"/>
							</lines>
						</method>
						<method name="swap" signature="(D)D" line-rate="0.0" branch-rate="1.0" complexity="0">
							<lines>
								<line number="99" hits="0" branch="false"/>
								<line number="100" hits="0" branch="false"/>
								<line number="101" hits="0" branch="false"/>
							</lines>
						</method>
						<method name="swap" signature="(F)F" line-rate="0.0" branch-rate="1.0" complexity="0">
							<lines>
								<line number="87" hits="0" branch="false"/>
								<line number="88" hits="0" branch="false"/>
								<line number="89" hits="0" branch="false"/>
							</lines>
						</method>
						<method name="swap" signature="(I)I" line-rate="0.0" branch-rate="1.0" complexity="0">
							<lines>
								<line number="52" hits="0" branch="false"/>
								<line number="53" hits="0" branch="false"/>
								<line number="54" hits="0" branch="false"/>
								<line number="55" hits="0" branch="false"/>
								<line number="57" hits="0" branch="false"/>
							</lines>
						</method>
						<method name="swap" signature="(J)J" line-rate="0.0" branch-rate="1.0" complexity="0">
							<lines>
								<line number="67" hits="0" branch="false"/>
								<line number="68" hits="0" branch="false"/>
								<line number="69" hits="0" branch="false"/>
								<line number="70" hits="0" branch="false"/>
								<line number="71" hits="0" branch="false"/>
								<line number="72" hits="0" branch="false"/>
								<line number="73" hits="0" branch="false"/>
								<line number="74" hits="0" branch="false"/>
								<line number="76" hits="0" branch="false"/>
							</lines>
						</method>
						<method name="swap" signature="(S)S" line-rate="0.0" branch-rate="1.0" complexity="0">
							<lines>
								<line number="39" hits="0" branch="false"/>
								<line number="40" hits="0" branch="false"/>
								<line number="42" hits="0" branch="false"/>
							</lines>
						</method>
						<method name="swap" signature="([D)V" line-rate="0.0" branch-rate="0.0" complexity="0">
							<lines>
								<line number="159" hits="0" branch="true" condition-coverage="0% (0/2)">
									<conditions>
										<condition number="0" type="jump" coverage="0%"/>
									</conditions>
								</line>
								<line number="160" hits="0" branch="false"/>
								<line number="162" hits="0" branch="false"/>
							</lines>
						</method>
						<method name="swap" signature="([F)V" line-rate="0.0" branch-rate="0.0" complexity="0">
							<lines>
								<line number="147" hits="0" branch="true" condition-coverage="0% (0/2)">
									<conditions>
										<condition number="0" type="jump" coverage="0%"/>
									</conditions>
								</line>
								<line number="148" hits="0" branch="false"/>
								<line number="150" hits="0" branch="false"/>
							</lines>
						</method>
						<method name="swap" signature="([I)V" line-rate="0.0" branch-rate="0.0" complexity="0">
							<lines>
								<line number="123" hits="0" branch="true" condition-coverage="0% (0/2)">
									<conditions>
										<condition number="0" type="jump" coverage="0%"/>
									</conditions>
								</line>
								<line number="124" hits="0" branch="false"/>
								<line number="126" hits="0" branch="false"/>
							</lines>
						</method>
						<method name="swap" signature="([J)V" line-rate="0.0" branch-rate="0.0" complexity="0">
							<lines>
								<line number="135" hits="0" branch="true" condition-coverage="0% (0/2)">
									<conditions>
										<condition number="0" type="jump" coverage="0%"/>
									</conditions>
								</line>
								<line number="136" hits="0" branch="false"/>
								<line number="138" hits="0" branch="false"/>
							</lines>
						</method>
						<method name="swap" signature="([S)V" line-rate="0.0" branch-rate="0.0" complexity="0">
							<lines>
								<line number="111" hits="0" branch="true" condition-coverage="0% (0/2)">
									<conditions>
										<condition number="0" type="jump" coverage="0%"/>
									</conditions>
								</line>
								<line number="112" hits="0" branch="false"/>
								<line number="114" hits="0" branch="false"/>
							</lines>
						</method>
					</methods>
					<lines>
						<line number="30" hits="0" branch="false"/>
						<line number="39" hits="0" branch="false"/>
						<line number="40" hits="0" branch="false"/>
						<line number="42" hits="0" branch="false"/>
						<line number="52" hits="0" branch="false"/>
						<line number="53" hits="0" branch="false"/>
						<line number="54" hits="0" branch="false"/>
						<line number="55" hits="0" branch="false"/>
						<line number="57" hits="0" branch="false"/>
						<line number="67" hits="0" branch="false"/>
						<line number="68" hits="0" branch="false"/>
						<line number="69" hits="0" branch="false"/>
						<line number="70" hits="0" branch="false"/>
						<line number="71" hits="0" branch="false"/>
						<line number="72" hits="0" branch="false"/>
						<line number="73" hits="0" branch="false"/>
						<line number="74" hits="0" branch="false"/>
						<line number="76" hits="0" branch="false"/>
						<line number="87" hits="0" branch="false"/>
						<line number="88" hits="0" branch="false"/>
						<line number="89" hits="0" branch="false"/>
						<line number="99" hits="0" branch="false"/>
						<line number="100" hits="0" branch="false"/>
						<line number="101" hits="0" branch="false"/>
						<line number="111" hits="0" branch="true" condition-coverage="0% (0/2)">
							<conditions>
								<condition number="0" type="jump" coverage="0%"/>
							</conditions>
						</line>
						<line number="112" hits="0" branch="false"/>
						<line number="114" hits="0" branch="false"/>
						<line number="123" hits="0" branch="true" condition-coverage="0% (0/2)">
							<conditions>
								<condition number="0" type="jump" coverage="0%"/>
							</conditions>
						</line>
						<line number="124" hits="0" branch="false"/>
						<line number="126" hits="0" branch="false"/>
						<line number="135" hits="0" branch="true" condition-coverage="0% (0/2)">
							<conditions>
								<condition number="0" type="jump" coverage="0%"/>
							</conditions>
						</line>
						<line number="136" hits="0" branch="false"/>
						<line number="138" hits="0" branch="false"/>
						<line number="147" hits="0" branch="true" condition-coverage="0% (0/2)">
							<conditions>
								<condition number="0" type="jump" coverage="0%"/>
							</conditions>
						</line>
						<line number="148" hits="0" branch="false"/>
						<line number="150" hits="0" branch="false"/>
						<line number="159" hits="0" branch="true" condition-coverage="0% (0/2)">
							<conditions>
								<condition number="0" type="jump" coverage="0%"/>
							</conditions>
						</line>
						<line number="160" hits="0" branch="false"/>
						<line number="162" hits="0" branch="false"/>
					</lines>
				</class>
				<class name="info.mikethomas.fahview.v6project.utilities.LogReader" filename="info/mikethomas/fahview/v6project/utilities/LogReader.java" line-rate="0.0" branch-rate="0.0" complexity="1.6666666666666667">
					<methods>
						<method name="&lt;init&gt;" signature="(Ljava/lang/String;)V" line-rate="0.0" branch-rate="1.0" complexity="0">
							<lines>
								<line number="38" hits="0" branch="false"/>
								<line number="39" hits="0" branch="false"/>
								<line number="46" hits="0" branch="false"/>
								<line number="47" hits="0" branch="false"/>
								<line number="83" hits="0" branch="false"/>
							</lines>
						</method>
						<method name="setLogPosition" signature="(Ljava/lang/String;)V" line-rate="0.0" branch-rate="1.0" complexity="0">
							<lines>
								<line number="91" hits="0" branch="false"/>
								<line number="92" hits="0" branch="false"/>
								<line number="93" hits="0" branch="false"/>
								<line number="94" hits="0" branch="false"/>
							</lines>
						</method>
						<method name="toString" signature="()Ljava/lang/String;" line-rate="0.0" branch-rate="0.0" complexity="0">
							<lines>
								<line number="99" hits="0" branch="false"/>
								<line number="101" hits="0" branch="false"/>
								<line number="102" hits="0" branch="true" condition-coverage="0% (0/2)">
									<conditions>
										<condition number="0" type="jump" coverage="0%"/>
									</conditions>
								</line>
								<line number="103" hits="0" branch="false"/>
								<line number="104" hits="0" branch="false"/>
								<line number="105" hits="0" branch="false"/>
								<line number="107" hits="0" branch="false"/>
								<line number="108" hits="0" branch="false"/>
								<line number="109" hits="0" branch="false"/>
								<line number="110" hits="0" branch="false"/>
							</lines>
						</method>
					</methods>
					<lines>
						<line number="38" hits="0" branch="false"/>
						<line number="39" hits="0" branch="false"/>
						<line number="46" hits="0" branch="false"/>
						<line number="47" hits="0" branch="false"/>
						<line number="83" hits="0" branch="false"/>
						<line number="91" hits="0" branch="false"/>
						<line number="92" hits="0" branch="false"/>
						<line number="93" hits="0" branch="false"/>
						<line number="94" hits="0" branch="false"/>
						<line number="99" hits="0" branch="false"/>
						<line number="101" hits="0" branch="false"/>
						<line number="102" hits="0" branch="true" condition-coverage="0% (0/2)">
							<conditions>
								<condition number="0" type="jump" coverage="0%"/>
							</conditions>
						</line>
						<line number="103" hits="0" branch="false"/>
						<line number="104" hits="0" branch="false"/>
						<line number="105" hits="0" branch="false"/>
						<line number="107" hits="0" branch="false"/>
						<line number="108" hits="0" branch="false"/>
						<line number="109" hits="0" branch="false"/>
						<line number="110" hits="0" branch="false"/>
					</lines>
				</class>
				<class name="info.mikethomas.fahview.v6project.utilities.ProgressCellRenderer" filename="info/mikethomas/fahview/v6project/utilities/ProgressCellRenderer.java" line-rate="0.0" branch-rate="0.0" complexity="2.0">
					<methods>
						<method name="&lt;init&gt;" signature="()V" line-rate="0.0" branch-rate="1.0" complexity="0">
							<lines>
								<line number="24" hits="0" branch="false"/>
								<line number="25" hits="0" branch="false"/>
								<line number="26" hits="0" branch="false"/>
								<line number="27" hits="0" branch="false"/>
								<line number="28" hits="0" branch="false"/>
							</lines>
						</method>
						<method name="getTableCellRendererComponent" signature="(Ljavax/swing/JTable;Ljava/lang/Object;ZZII)Ljava/awt/Component;" line-rate="0.0" branch-rate="0.0" complexity="0">
							<lines>
								<line number="41" hits="0" branch="false"/>
								<line number="42" hits="0" branch="false"/>
								<line number="43" hits="0" branch="true" condition-coverage="0% (0/2)">
									<conditions>
										<condition number="0" type="jump" coverage="0%"/>
									</conditions>
								</line>
								<line number="44" hits="0" branch="false"/>
								<line number="46" hits="0" branch="false"/>
								<line number="48" hits="0" branch="false"/>
								<line number="49" hits="0" branch="false"/>
								<line number="50" hits="0" branch="false"/>
								<line number="51" hits="0" branch="false"/>
								<line number="53" hits="0" branch="false"/>
							</lines>
						</method>
					</methods>
					<lines>
						<line number="24" hits="0" branch="false"/>
						<line number="25" hits="0" branch="false"/>
						<line number="26" hits="0" branch="false"/>
						<line number="27" hits="0" branch="false"/>
						<line number="28" hits="0" branch="false"/>
						<line number="41" hits="0" branch="false"/>
						<line number="42" hits="0" branch="false"/>
						<line number="43" hits="0" branch="true" condition-coverage="0% (0/2)">
							<conditions>
								<condition number="0" type="jump" coverage="0%"/>
							</conditions>
						</line>
						<line number="44" hits="0" branch="false"/>
						<line number="46" hits="0" branch="false"/>
						<line number="48" hits="0" branch="false"/>
						<line number="49" hits="0" branch="false"/>
						<line number="50" hits="0" branch="false"/>
						<line number="51" hits="0" branch="false"/>
						<line number="53" hits="0" branch="false"/>
					</lines>
				</class>
				<class name="info.mikethomas.fahview.v6project.utilities.QueueReader" filename="info/mikethomas/fahview/v6project/utilities/QueueReader.java" line-rate="0.0" branch-rate="0.0" complexity="1.5">
					<methods>
						<method name="&lt;init&gt;" signature="(Ljava/lang/String;)V" line-rate="0.0" branch-rate="1.0" complexity="0">
							<lines>
								<line number="42" hits="0" branch="false"/>
								<line number="44" hits="0" branch="false"/>
								<line number="45" hits="0" branch="false"/>
								<line number="46" hits="0" branch="false"/>
								<line number="47" hits="0" branch="false"/>
								<line number="48" hits="0" branch="false"/>
							</lines>
						</method>
						<method name="read" signature="(II)[B" line-rate="0.0" branch-rate="1.0" complexity="0">
							<lines>
								<line number="58" hits="0" branch="false"/>
								<line number="60" hits="0" branch="false"/>
								<line number="61" hits="0" branch="false"/>
								<line number="62" hits="0" branch="false"/>
								<line number="63" hits="0" branch="false"/>
								<line number="64" hits="0" branch="false"/>
								<line number="65" hits="0" branch="false"/>
							</lines>
						</method>
						<method name="readBEUInt" signature="(II)J" line-rate="0.0" branch-rate="1.0" complexity="0">
							<lines>
								<line number="77" hits="0" branch="false"/>
								<line number="79" hits="0" branch="false"/>
								<line number="80" hits="0" branch="false"/>
								<line number="81" hits="0" branch="false"/>
								<line number="82" hits="0" branch="false"/>
								<line number="83" hits="0" branch="false"/>
								<line number="84" hits="0" branch="false"/>
							</lines>
						</method>
						<method name="readBEUShort" signature="(II)I" line-rate="0.0" branch-rate="1.0" complexity="0">
							<lines>
								<line number="111" hits="0" branch="false"/>
								<line number="113" hits="0" branch="false"/>
								<line number="114" hits="0" branch="false"/>
								<line number="115" hits="0" branch="false"/>
								<line number="116" hits="0" branch="false"/>
							</lines>
						</method>
						<method name="readIP" signature="(I)[B" line-rate="0.0" branch-rate="1.0" complexity="0">
							<lines>
								<line number="137" hits="0" branch="false"/>
								<line number="138" hits="0" branch="false"/>
								<line number="139" hits="0" branch="false"/>
								<line number="140" hits="0" branch="false"/>
								<line number="141" hits="0" branch="false"/>
								<line number="142" hits="0" branch="false"/>
								<line number="143" hits="0" branch="false"/>
							</lines>
						</method>
						<method name="readLEUInt" signature="(II)J" line-rate="0.0" branch-rate="1.0" complexity="0">
							<lines>
								<line number="99" hits="0" branch="false"/>
							</lines>
						</method>
						<method name="readLEUShort" signature="(II)I" line-rate="0.0" branch-rate="1.0" complexity="0">
							<lines>
								<line number="127" hits="0" branch="false"/>
							</lines>
						</method>
						<method name="readString" signature="(II)Ljava/lang/String;" line-rate="0.0" branch-rate="0.0" complexity="0">
							<lines>
								<line number="154" hits="0" branch="false"/>
								<line number="155" hits="0" branch="false"/>
								<line number="156" hits="0" branch="true" condition-coverage="0% (0/2)">
									<conditions>
										<condition number="0" type="jump" coverage="0%"/>
									</conditions>
								</line>
								<line number="157" hits="0" branch="true" condition-coverage="0% (0/2)">
									<conditions>
										<condition number="0" type="jump" coverage="0%"/>
									</conditions>
								</line>
								<line number="158" hits="0" branch="false"/>
								<line number="159" hits="0" branch="false"/>
								<line number="162" hits="0" branch="false"/>
							</lines>
						</method>
					</methods>
					<lines>
						<line number="42" hits="0" branch="false"/>
						<line number="44" hits="0" branch="false"/>
						<line number="45" hits="0" branch="false"/>
						<line number="46" hits="0" branch="false"/>
						<line number="47" hits="0" branch="false"/>
						<line number="48" hits="0" branch="false"/>
						<line number="58" hits="0" branch="false"/>
						<line number="60" hits="0" branch="false"/>
						<line number="61" hits="0" branch="false"/>
						<line number="62" hits="0" branch="false"/>
						<line number="63" hits="0" branch="false"/>
						<line number="64" hits="0" branch="false"/>
						<line number="65" hits="0" branch="false"/>
						<line number="77" hits="0" branch="false"/>
						<line number="79" hits="0" branch="false"/>
						<line number="80" hits="0" branch="false"/>
						<line number="81" hits="0" branch="false"/>
						<line number="82" hits="0" branch="false"/>
						<line number="83" hits="0" branch="false"/>
						<line number="84" hits="0" branch="false"/>
						<line number="99" hits="0" branch="false"/>
						<line number="111" hits="0" branch="false"/>
						<line number="113" hits="0" branch="false"/>
						<line number="114" hits="0" branch="false"/>
						<line number="115" hits="0" branch="false"/>
						<line number="116" hits="0" branch="false"/>
						<line number="127" hits="0" branch="false"/>
						<line number="137" hits="0" branch="false"/>
						<line number="138" hits="0" branch="false"/>
						<line number="139" hits="0" branch="false"/>
						<line number="140" hits="0" branch="false"/>
						<line number="141" hits="0" branch="false"/>
						<line number="142" hits="0" branch="false"/>
						<line number="143" hits="0" branch="false"/>
						<line number="154" hits="0" branch="false"/>
						<line number="155" hits="0" branch="false"/>
						<line number="156" hits="0" branch="true" condition-coverage="0% (0/2)">
							<conditions>
								<condition number="0" type="jump" coverage="0%"/>
							</conditions>
						</line>
						<line number="157" hits="0" branch="true" condition-coverage="0% (0/2)">
							<conditions>
								<condition number="0" type="jump" coverage="0%"/>
							</conditions>
						</line>
						<line number="158" hits="0" branch="false"/>
						<line number="159" hits="0" branch="false"/>
						<line number="162" hits="0" branch="false"/>
					</lines>
				</class>
			</classes>
		</package>
	</packages>
</coverage>
